TN:
SF:src/index.ts
FN:14,(anonymous_4)
FN:17,(anonymous_5)
FN:17,(anonymous_6)
FN:20,(anonymous_7)
FN:20,(anonymous_8)
FN:23,(anonymous_9)
FN:26,(anonymous_10)
FN:29,(anonymous_11)
FN:33,(anonymous_12)
FN:34,(anonymous_13)
FN:35,(anonymous_14)
FN:43,(anonymous_15)
FN:44,(anonymous_16)
FN:45,(anonymous_17)
FN:46,(anonymous_18)
FN:47,(anonymous_19)
FN:48,(anonymous_20)
FN:73,(anonymous_21)
FN:82,(anonymous_22)
FN:92,(anonymous_23)
FN:101,(anonymous_24)
FN:111,(anonymous_25)
FN:119,(anonymous_26)
FN:128,(anonymous_27)
FN:138,(anonymous_28)
FN:152,(anonymous_29)
FN:163,(anonymous_30)
FNF:27
FNH:0
FNDA:0,(anonymous_4)
FNDA:0,(anonymous_5)
FNDA:0,(anonymous_6)
FNDA:0,(anonymous_7)
FNDA:0,(anonymous_8)
FNDA:0,(anonymous_9)
FNDA:0,(anonymous_10)
FNDA:0,(anonymous_11)
FNDA:0,(anonymous_12)
FNDA:0,(anonymous_13)
FNDA:0,(anonymous_14)
FNDA:0,(anonymous_15)
FNDA:0,(anonymous_16)
FNDA:0,(anonymous_17)
FNDA:0,(anonymous_18)
FNDA:0,(anonymous_19)
FNDA:0,(anonymous_20)
FNDA:0,(anonymous_21)
FNDA:0,(anonymous_22)
FNDA:0,(anonymous_23)
FNDA:0,(anonymous_24)
FNDA:0,(anonymous_25)
FNDA:0,(anonymous_26)
FNDA:0,(anonymous_27)
FNDA:0,(anonymous_28)
FNDA:0,(anonymous_29)
FNDA:0,(anonymous_30)
DA:11,0
DA:14,0
DA:17,0
DA:20,0
DA:23,0
DA:26,0
DA:29,0
DA:32,0
DA:33,0
DA:34,0
DA:35,0
DA:42,0
DA:43,0
DA:44,0
DA:45,0
DA:46,0
DA:47,0
DA:48,0
DA:67,0
DA:74,0
DA:83,0
DA:93,0
DA:102,0
DA:112,0
DA:120,0
DA:129,0
DA:139,0
DA:140,0
DA:141,0
DA:143,0
DA:153,0
DA:168,0
DA:174,0
DA:175,0
DA:176,0
DA:177,0
DA:178,0
LF:37
LH:0
BRDA:140,0,0,0
BRF:1
BRH:0
end_of_record
TN:
SF:src/inference.ts
FN:24,inferType
FN:63,detectTypeFromStructure
FN:81,(anonymous_2)
FN:113,inferRenderer
FN:139,detectRendererFromStructure
FN:148,(anonymous_5)
FN:157,(anonymous_6)
FNF:7
FNH:7
FNDA:10,inferType
FNDA:6,detectTypeFromStructure
FNDA:2,(anonymous_2)
FNDA:14,inferRenderer
FNDA:13,detectRendererFromStructure
FNDA:4,(anonymous_5)
FNDA:2,(anonymous_6)
DA:6,1
DA:24,1
DA:26,10
DA:27,2
DA:31,8
DA:32,1
DA:33,1
DA:34,1
DA:39,7
DA:40,1
DA:41,1
DA:42,1
DA:47,6
DA:48,6
DA:49,5
DA:53,1
DA:65,6
DA:66,1
DA:70,5
DA:71,1
DA:75,4
DA:76,1
DA:80,3
DA:81,1
DA:82,2
DA:84,1
DA:85,1
DA:90,2
DA:91,1
DA:94,1
DA:113,1
DA:119,14
DA:120,1
DA:124,13
DA:125,13
DA:126,12
DA:130,1
DA:141,13
DA:142,4
DA:146,9
DA:147,4
DA:148,4
DA:150,4
DA:151,4
DA:156,5
DA:157,2
DA:158,2
DA:160,2
DA:161,2
DA:166,3
DA:167,1
DA:171,2
DA:172,1
DA:175,1
LF:54
LH:54
BRDA:26,0,0,2
BRDA:26,1,0,10
BRDA:26,1,1,2
BRDA:31,2,0,1
BRDA:31,3,0,8
BRDA:31,3,1,1
BRDA:33,4,0,1
BRDA:39,5,0,1
BRDA:41,6,0,1
BRDA:48,7,0,5
BRDA:65,8,0,1
BRDA:70,9,0,1
BRDA:75,10,0,1
BRDA:80,11,0,1
BRDA:80,12,0,3
BRDA:80,12,1,1
BRDA:84,13,0,1
BRDA:90,14,0,1
BRDA:119,15,0,1
BRDA:125,16,0,12
BRDA:141,17,0,4
BRDA:146,18,0,4
BRDA:146,19,0,9
BRDA:146,19,1,4
BRDA:148,20,0,4
BRDA:148,20,1,0
BRDA:150,21,0,4
BRDA:156,22,0,2
BRDA:156,23,0,5
BRDA:156,23,1,2
BRDA:160,24,0,2
BRDA:166,25,0,1
BRDA:171,26,0,1
BRF:33
BRH:32
end_of_record
TN:
SF:src/linter.ts
FN:39,(anonymous_9)
FN:47,(anonymous_10)
FN:84,(anonymous_11)
FN:110,(anonymous_12)
FN:130,(anonymous_13)
FN:131,(anonymous_14)
FN:145,(anonymous_15)
FN:211,(anonymous_16)
FN:218,(anonymous_17)
FN:239,(anonymous_18)
FN:245,(anonymous_19)
FN:269,(anonymous_20)
FN:274,(anonymous_21)
FN:275,(anonymous_22)
FN:276,(anonymous_23)
FN:298,(anonymous_24)
FN:304,(anonymous_25)
FN:305,(anonymous_26)
FN:306,(anonymous_27)
FNF:19
FNH:0
FNDA:0,(anonymous_9)
FNDA:0,(anonymous_10)
FNDA:0,(anonymous_11)
FNDA:0,(anonymous_12)
FNDA:0,(anonymous_13)
FNDA:0,(anonymous_14)
FNDA:0,(anonymous_15)
FNDA:0,(anonymous_16)
FNDA:0,(anonymous_17)
FNDA:0,(anonymous_18)
FNDA:0,(anonymous_19)
FNDA:0,(anonymous_20)
FNDA:0,(anonymous_21)
FNDA:0,(anonymous_22)
FNDA:0,(anonymous_23)
FNDA:0,(anonymous_24)
FNDA:0,(anonymous_25)
FNDA:0,(anonymous_26)
FNDA:0,(anonymous_27)
DA:6,0
DA:8,0
DA:9,0
DA:32,0
DA:40,0
DA:41,0
DA:42,0
DA:45,0
DA:46,0
DA:47,0
DA:48,0
DA:57,0
DA:58,0
DA:63,0
DA:64,0
DA:67,0
DA:68,0
DA:69,0
DA:71,0
DA:75,0
DA:76,0
DA:77,0
DA:79,0
DA:80,0
DA:83,0
DA:84,0
DA:86,0
DA:88,0
DA:89,0
DA:94,0
DA:95,0
DA:108,0
DA:109,0
DA:110,0
DA:111,0
DA:119,0
DA:120,0
DA:130,0
DA:131,0
DA:132,0
DA:134,0
DA:146,0
DA:148,0
DA:149,0
DA:152,0
DA:153,0
DA:160,0
DA:163,0
DA:164,0
DA:165,0
DA:166,0
DA:167,0
DA:171,0
DA:172,0
DA:178,0
DA:182,0
DA:183,0
DA:186,0
DA:187,0
DA:196,0
DA:205,0
DA:212,0
DA:213,0
DA:216,0
DA:218,0
DA:219,0
DA:220,0
DA:221,0
DA:223,0
DA:224,0
DA:233,0
DA:243,0
DA:245,0
DA:246,0
DA:247,0
DA:250,0
DA:251,0
DA:252,0
DA:253,0
DA:254,0
DA:257,0
DA:258,0
DA:263,0
DA:270,0
DA:271,0
DA:274,0
DA:275,0
DA:276,0
DA:278,0
DA:280,0
DA:281,0
DA:284,0
DA:285,0
DA:288,0
DA:289,0
DA:292,0
DA:303,0
DA:304,0
DA:305,0
DA:306,0
LF:100
LH:0
BRDA:39,0,0,0
BRDA:46,1,0,0
BRDA:57,2,0,0
BRDA:63,3,0,0
BRDA:63,3,1,0
BRDA:63,4,0,0
BRDA:63,4,1,0
BRDA:67,5,0,0
BRDA:67,5,1,0
BRDA:67,6,0,0
BRDA:67,6,1,0
BRDA:75,7,0,0
BRDA:75,7,1,0
BRDA:76,8,0,0
BRDA:77,9,0,0
BRDA:77,9,1,0
BRDA:79,10,0,0
BRDA:79,10,1,0
BRDA:83,11,0,0
BRDA:83,12,0,0
BRDA:83,12,1,0
BRDA:86,13,0,0
BRDA:88,14,0,0
BRDA:94,15,0,0
BRDA:109,16,0,0
BRDA:119,17,0,0
BRDA:132,18,0,0
BRDA:132,18,1,0
BRDA:132,19,0,0
BRDA:132,19,1,0
BRDA:137,20,0,0
BRDA:137,20,1,0
BRDA:137,21,0,0
BRDA:137,21,1,0
BRDA:138,22,0,0
BRDA:138,22,1,0
BRDA:152,23,0,0
BRDA:165,24,0,0
BRDA:171,25,0,0
BRDA:186,26,0,0
BRDA:186,26,1,0
BRDA:189,27,0,0
BRDA:189,27,1,0
BRDA:220,28,0,0
BRDA:223,29,0,0
BRDA:251,30,0,0
BRDA:257,31,0,0
BRDA:257,32,0,0
BRDA:257,32,1,0
BRDA:270,33,0,0
BRDA:270,34,0,0
BRDA:270,34,1,0
BRDA:280,35,0,0
BRDA:281,36,0,0
BRDA:281,36,1,0
BRDA:284,37,0,0
BRDA:285,38,0,0
BRDA:285,38,1,0
BRDA:288,39,0,0
BRF:59
BRH:0
end_of_record
TN:
SF:src/parser.ts
FN:31,(anonymous_9)
FN:67,(anonymous_10)
FN:103,(anonymous_11)
FN:123,(anonymous_12)
FN:128,(anonymous_13)
FN:129,(anonymous_14)
FN:182,(anonymous_15)
FN:216,(anonymous_16)
FNF:8
FNH:0
FNDA:0,(anonymous_9)
FNDA:0,(anonymous_10)
FNDA:0,(anonymous_11)
FNDA:0,(anonymous_12)
FNDA:0,(anonymous_13)
FNDA:0,(anonymous_14)
FNDA:0,(anonymous_15)
FNDA:0,(anonymous_16)
DA:6,0
DA:7,0
DA:8,0
DA:25,0
DA:35,0
DA:36,0
DA:38,0
DA:39,0
DA:41,0
DA:43,0
DA:48,0
DA:51,0
DA:55,0
DA:68,0
DA:70,0
DA:73,0
DA:74,0
DA:78,0
DA:79,0
DA:80,0
DA:81,0
DA:82,0
DA:86,0
DA:87,0
DA:91,0
DA:94,0
DA:97,0
DA:98,0
DA:101,0
DA:102,0
DA:103,0
DA:106,0
DA:109,0
DA:111,0
DA:112,0
DA:124,0
DA:127,0
DA:128,0
DA:129,0
DA:131,0
DA:132,0
DA:134,0
DA:137,0
DA:138,0
DA:141,0
DA:143,0
DA:144,0
DA:153,0
DA:154,0
DA:156,0
DA:165,0
DA:167,0
DA:186,0
DA:188,0
DA:190,0
DA:192,0
DA:193,0
DA:197,0
DA:198,0
DA:202,0
DA:206,0
DA:221,0
DA:222,0
DA:223,0
DA:224,0
DA:226,0
DA:227,0
DA:228,0
DA:231,0
DA:232,0
DA:233,0
DA:234,0
DA:237,0
DA:241,0
DA:244,0
DA:245,0
DA:246,0
DA:250,0
DA:251,0
DA:252,0
DA:256,0
DA:257,0
DA:258,0
DA:262,0
DA:264,0
DA:265,0
DA:266,0
DA:270,0
DA:272,0
DA:273,0
DA:277,0
DA:278,0
DA:282,0
DA:287,0
LF:94
LH:0
BRDA:41,0,0,0
BRDA:41,0,1,0
BRDA:73,1,0,0
BRDA:80,2,0,0
BRDA:86,3,0,0
BRDA:97,4,0,0
BRDA:97,5,0,0
BRDA:97,5,1,0
BRDA:101,6,0,0
BRDA:131,7,0,0
BRDA:131,8,0,0
BRDA:131,8,1,0
BRDA:143,9,0,0
BRDA:148,10,0,0
BRDA:148,10,1,0
BRDA:160,11,0,0
BRDA:160,11,1,0
BRDA:160,12,0,0
BRDA:160,12,1,0
BRDA:161,13,0,0
BRDA:161,13,1,0
BRDA:170,14,0,0
BRDA:170,14,1,0
BRDA:171,15,0,0
BRDA:171,15,1,0
BRDA:190,16,0,0
BRDA:192,17,0,0
BRDA:197,18,0,0
BRDA:197,19,0,0
BRDA:197,19,1,0
BRDA:231,20,0,0
BRDA:232,21,0,0
BRDA:232,21,1,0
BRDA:241,22,0,0
BRDA:244,23,0,0
BRDA:250,24,0,0
BRDA:250,25,0,0
BRDA:250,25,1,0
BRDA:256,26,0,0
BRDA:256,27,0,0
BRDA:256,27,1,0
BRDA:256,27,2,0
BRDA:262,28,0,0
BRDA:264,29,0,0
BRDA:264,30,0,0
BRDA:264,30,1,0
BRDA:270,31,0,0
BRDA:272,32,0,0
BRDA:277,33,0,0
BRDA:277,34,0,0
BRDA:277,34,1,0
BRF:51
BRH:0
end_of_record
TN:
SF:src/realtime.ts
FN:41,hashBoardContent
FN:48,hashBoard
FN:56,diffBoards
FN:202,indexColumns
FN:204,(anonymous_4)
FN:210,indexTasks
FN:215,(anonymous_6)
FN:216,(anonymous_7)
FN:223,detectChangedFields
FN:237,isEqual
FNF:10
FNH:0
FNDA:0,hashBoardContent
FNDA:0,hashBoard
FNDA:0,diffBoards
FNDA:0,indexColumns
FNDA:0,(anonymous_4)
FNDA:0,indexTasks
FNDA:0,(anonymous_6)
FNDA:0,(anonymous_7)
FNDA:0,detectChangedFields
FNDA:0,isEqual
DA:1,0
DA:2,0
DA:41,0
DA:42,0
DA:48,0
DA:49,0
DA:50,0
DA:56,0
DA:57,0
DA:76,0
DA:77,0
DA:79,0
DA:80,0
DA:81,0
DA:82,0
DA:84,0
DA:85,0
DA:86,0
DA:90,0
DA:91,0
DA:92,0
DA:93,0
DA:94,0
DA:97,0
DA:98,0
DA:99,0
DA:107,0
DA:108,0
DA:118,0
DA:119,0
DA:120,0
DA:121,0
DA:123,0
DA:124,0
DA:126,0
DA:127,0
DA:128,0
DA:137,0
DA:138,0
DA:139,0
DA:140,0
DA:146,0
DA:150,0
DA:152,0
DA:153,0
DA:164,0
DA:175,0
DA:176,0
DA:189,0
DA:203,0
DA:204,0
DA:205,0
DA:207,0
DA:211,0
DA:215,0
DA:216,0
DA:217,0
DA:220,0
DA:228,0
DA:229,0
DA:230,0
DA:231,0
DA:234,0
DA:238,0
LF:64
LH:0
BRDA:85,0,0,0
BRDA:92,1,0,0
BRDA:98,2,0,0
BRDA:107,3,0,0
BRDA:127,4,0,0
BRDA:139,5,0,0
BRDA:150,6,0,0
BRDA:150,6,1,0
BRDA:152,7,0,0
BRDA:175,8,0,0
BRDA:230,9,0,0
BRF:11
BRH:0
end_of_record
TN:
SF:src/schemaHints.ts
FN:22,parseSchemaHints
FN:68,loadSchemaHints
FNF:2
FNH:1
FNDA:10,parseSchemaHints
FNDA:0,loadSchemaHints
DA:22,1
DA:23,10
DA:25,10
DA:26,2
DA:30,8
DA:31,2
DA:35,8
DA:36,3
DA:40,8
DA:41,2
DA:45,8
DA:46,2
DA:50,8
DA:51,2
DA:55,8
DA:56,1
DA:59,8
DA:68,1
DA:69,0
DA:70,0
DA:71,0
DA:72,0
DA:73,0
DA:76,0
DA:77,0
DA:79,0
DA:80,0
LF:27
LH:18
BRDA:25,0,0,2
BRDA:25,1,0,10
BRDA:25,1,1,9
BRDA:30,2,0,2
BRDA:30,3,0,8
BRDA:30,3,1,3
BRDA:35,4,0,3
BRDA:35,5,0,8
BRDA:35,5,1,3
BRDA:40,6,0,2
BRDA:40,7,0,8
BRDA:40,7,1,2
BRDA:45,8,0,2
BRDA:45,9,0,8
BRDA:45,9,1,2
BRDA:50,10,0,2
BRDA:50,11,0,8
BRDA:50,11,1,2
BRDA:55,12,0,1
BRDA:55,13,0,8
BRDA:55,13,1,1
BRDA:71,14,0,0
BRF:22
BRH:21
end_of_record
TN:
SF:src/serializer.ts
FN:26,(anonymous_9)
FN:52,(anonymous_10)
FN:71,(anonymous_11)
FNF:3
FNH:0
FNDA:0,(anonymous_9)
FNDA:0,(anonymous_10)
FNDA:0,(anonymous_11)
DA:6,0
DA:18,0
DA:31,0
DA:33,0
DA:42,0
DA:43,0
DA:56,0
DA:58,0
DA:72,0
LF:9
LH:0
BRDA:26,0,0,0
BRDA:28,1,0,0
BRDA:29,2,0,0
BRDA:30,3,0,0
BRDA:43,4,0,0
BRDA:43,4,1,0
BRDA:52,5,0,0
BRDA:54,6,0,0
BRDA:55,7,0,0
BRF:9
BRH:0
end_of_record
TN:
SF:src/templates.ts
FN:182,generateTaskId
FN:192,generateSubtaskId
FN:202,processTemplate
FN:218,(anonymous_3)
FN:233,substituteVariables
FN:234,(anonymous_5)
FN:244,getTemplateById
FN:245,(anonymous_7)
FN:252,getAllTemplateIds
FN:253,(anonymous_9)
FNF:10
FNH:0
FNDA:0,generateTaskId
FNDA:0,generateSubtaskId
FNDA:0,processTemplate
FNDA:0,(anonymous_3)
FNDA:0,substituteVariables
FNDA:0,(anonymous_5)
FNDA:0,getTemplateById
FNDA:0,(anonymous_7)
FNDA:0,getAllTemplateIds
FNDA:0,(anonymous_9)
DA:9,0
DA:182,0
DA:183,0
DA:192,0
DA:193,0
DA:202,0
DA:203,0
DA:206,0
DA:207,0
DA:211,0
DA:212,0
DA:216,0
DA:217,0
DA:218,0
DA:224,0
DA:234,0
DA:235,0
DA:244,0
DA:245,0
DA:252,0
DA:253,0
LF:21
LH:0
BRDA:206,0,0,0
BRDA:211,1,0,0
BRDA:216,2,0,0
BRDA:235,3,0,0
BRDA:235,3,1,0
BRF:5
BRH:0
end_of_record
TN:
SF:src/types.ts
FNF:0
FNH:0
DA:9,0
LF:1
LH:0
BRF:0
BRH:0
end_of_record
TN:
SF:src/validator.ts
FN:26,(anonymous_0)
FN:43,(anonymous_1)
FN:60,(anonymous_2)
FN:89,(anonymous_3)
FN:111,(anonymous_4)
FN:126,(anonymous_5)
FN:181,(anonymous_6)
FN:197,(anonymous_7)
FN:229,(anonymous_8)
FN:239,(anonymous_9)
FN:244,(anonymous_10)
FN:261,(anonymous_11)
FN:288,(anonymous_12)
FN:329,(anonymous_13)
FN:346,(anonymous_14)
FN:367,(anonymous_15)
FNF:16
FNH:0
FNDA:0,(anonymous_0)
FNDA:0,(anonymous_1)
FNDA:0,(anonymous_2)
FNDA:0,(anonymous_3)
FNDA:0,(anonymous_4)
FNDA:0,(anonymous_5)
FNDA:0,(anonymous_6)
FNDA:0,(anonymous_7)
FNDA:0,(anonymous_8)
FNDA:0,(anonymous_9)
FNDA:0,(anonymous_10)
FNDA:0,(anonymous_11)
FNDA:0,(anonymous_12)
FNDA:0,(anonymous_13)
FNDA:0,(anonymous_14)
FNDA:0,(anonymous_15)
DA:6,0
DA:7,0
DA:20,0
DA:27,0
DA:29,0
DA:30,0
DA:31,0
DA:35,0
DA:36,0
DA:40,0
DA:41,0
DA:43,0
DA:44,0
DA:45,0
DA:50,0
DA:51,0
DA:52,0
DA:56,0
DA:57,0
DA:58,0
DA:60,0
DA:61,0
DA:62,0
DA:68,0
DA:69,0
DA:70,0
DA:71,0
DA:72,0
DA:73,0
DA:74,0
DA:75,0
DA:80,0
DA:90,0
DA:92,0
DA:93,0
DA:94,0
DA:98,0
DA:99,0
DA:103,0
DA:104,0
DA:108,0
DA:109,0
DA:111,0
DA:112,0
DA:113,0
DA:117,0
DA:127,0
DA:129,0
DA:130,0
DA:131,0
DA:135,0
DA:136,0
DA:140,0
DA:141,0
DA:145,0
DA:146,0
DA:147,0
DA:148,0
DA:156,0
DA:157,0
DA:158,0
DA:159,0
DA:167,0
DA:168,0
DA:172,0
DA:173,0
DA:177,0
DA:178,0
DA:179,0
DA:181,0
DA:182,0
DA:183,0
DA:188,0
DA:198,0
DA:200,0
DA:201,0
DA:202,0
DA:206,0
DA:207,0
DA:211,0
DA:212,0
DA:216,0
DA:217,0
DA:220,0
DA:230,0
DA:232,0
DA:233,0
DA:234,0
DA:237,0
DA:239,0
DA:240,0
DA:241,0
DA:242,0
DA:244,0
DA:245,0
DA:246,0
DA:252,0
DA:262,0
DA:264,0
DA:265,0
DA:266,0
DA:270,0
DA:271,0
DA:275,0
DA:276,0
DA:279,0
DA:289,0
DA:290,0
DA:297,0
DA:300,0
DA:302,0
DA:303,0
DA:307,0
DA:308,0
DA:309,0
DA:310,0
DA:317,0
DA:330,0
DA:332,0
DA:333,0
DA:334,0
DA:338,0
DA:339,0
DA:343,0
DA:344,0
DA:346,0
DA:347,0
DA:348,0
DA:353,0
DA:354,0
DA:355,0
DA:358,0
DA:368,0
DA:370,0
DA:371,0
DA:372,0
DA:376,0
DA:377,0
DA:381,0
DA:382,0
DA:386,0
DA:387,0
DA:391,0
DA:392,0
DA:395,0
DA:396,0
DA:399,0
DA:400,0
DA:403,0
DA:404,0
DA:407,0
LF:151
LH:0
BRDA:29,0,0,0
BRDA:35,1,0,0
BRDA:35,2,0,0
BRDA:35,2,1,0
BRDA:40,3,0,0
BRDA:40,3,1,0
BRDA:50,4,0,0
BRDA:56,5,0,0
BRDA:57,6,0,0
BRDA:57,6,1,0
BRDA:68,7,0,0
BRDA:69,8,0,0
BRDA:69,8,1,0
BRDA:71,9,0,0
BRDA:72,10,0,0
BRDA:72,10,1,0
BRDA:74,11,0,0
BRDA:92,12,0,0
BRDA:98,13,0,0
BRDA:98,14,0,0
BRDA:98,14,1,0
BRDA:103,15,0,0
BRDA:103,16,0,0
BRDA:103,16,1,0
BRDA:108,17,0,0
BRDA:108,17,1,0
BRDA:129,18,0,0
BRDA:135,19,0,0
BRDA:135,20,0,0
BRDA:135,20,1,0
BRDA:140,21,0,0
BRDA:140,22,0,0
BRDA:140,22,1,0
BRDA:145,23,0,0
BRDA:147,24,0,0
BRDA:156,25,0,0
BRDA:158,26,0,0
BRDA:167,27,0,0
BRDA:167,28,0,0
BRDA:167,28,1,0
BRDA:172,29,0,0
BRDA:172,30,0,0
BRDA:172,30,1,0
BRDA:177,31,0,0
BRDA:178,32,0,0
BRDA:178,32,1,0
BRDA:200,33,0,0
BRDA:206,34,0,0
BRDA:206,35,0,0
BRDA:206,35,1,0
BRDA:211,36,0,0
BRDA:211,37,0,0
BRDA:211,37,1,0
BRDA:216,38,0,0
BRDA:232,39,0,0
BRDA:240,40,0,0
BRDA:241,41,0,0
BRDA:241,41,1,0
BRDA:264,42,0,0
BRDA:270,43,0,0
BRDA:275,44,0,0
BRDA:275,45,0,0
BRDA:275,45,1,0
BRDA:289,46,0,0
BRDA:302,47,0,0
BRDA:302,48,0,0
BRDA:302,48,1,0
BRDA:307,49,0,0
BRDA:307,49,1,0
BRDA:307,50,0,0
BRDA:307,50,1,0
BRDA:307,50,2,0
BRDA:309,51,0,0
BRDA:309,52,0,0
BRDA:309,52,1,0
BRDA:332,53,0,0
BRDA:338,54,0,0
BRDA:338,55,0,0
BRDA:338,55,1,0
BRDA:343,56,0,0
BRDA:343,56,1,0
BRDA:353,57,0,0
BRDA:370,58,0,0
BRDA:376,59,0,0
BRDA:376,60,0,0
BRDA:376,60,1,0
BRDA:381,61,0,0
BRDA:381,62,0,0
BRDA:381,62,1,0
BRDA:386,63,0,0
BRDA:386,64,0,0
BRDA:386,64,1,0
BRDA:391,65,0,0
BRDA:391,66,0,0
BRDA:391,66,1,0
BRDA:395,67,0,0
BRDA:395,68,0,0
BRDA:395,68,1,0
BRDA:399,69,0,0
BRDA:399,70,0,0
BRDA:399,70,1,0
BRDA:403,71,0,0
BRDA:403,72,0,0
BRDA:403,72,1,0
BRF:104
BRH:0
end_of_record
TN:
SF:src/types/base.ts
FNF:0
FNH:0
DA:107,0
LF:1
LH:0
BRF:0
BRH:0
end_of_record
TN:
SF:src/types/enums.ts
FN:18,(anonymous_0)
FN:36,(anonymous_1)
FNF:2
FNH:2
FNDA:1,(anonymous_0)
FNDA:1,(anonymous_1)
DA:18,1
DA:19,1
DA:20,1
DA:21,1
DA:22,1
DA:23,1
DA:36,1
DA:38,1
DA:40,1
DA:42,1
DA:44,1
DA:46,1
DA:48,1
LF:13
LH:13
BRDA:18,0,0,1
BRDA:18,0,1,1
BRDA:36,1,0,1
BRDA:36,1,1,1
BRF:4
BRH:4
end_of_record
TN:
SF:src/types/index.ts
FNF:0
FNH:0
DA:7,0
DA:10,0
DA:13,0
DA:14,0
LF:4
LH:0
BRF:0
BRH:0
end_of_record
