TN:
SF:src/index.ts
FN:14,(anonymous_4)
FN:17,(anonymous_5)
FN:20,(anonymous_6)
FN:23,(anonymous_7)
FN:27,(anonymous_8)
FN:28,(anonymous_9)
FN:29,(anonymous_10)
FN:30,(anonymous_11)
FN:31,(anonymous_12)
FN:32,(anonymous_13)
FN:57,(anonymous_14)
FN:66,(anonymous_15)
FN:76,(anonymous_16)
FN:85,(anonymous_17)
FN:95,(anonymous_18)
FN:103,(anonymous_19)
FN:112,(anonymous_20)
FN:122,(anonymous_21)
FN:136,(anonymous_22)
FN:147,(anonymous_23)
FNF:20
FNH:9
FNDA:0,(anonymous_4)
FNDA:0,(anonymous_5)
FNDA:0,(anonymous_6)
FNDA:0,(anonymous_7)
FNDA:0,(anonymous_8)
FNDA:0,(anonymous_9)
FNDA:0,(anonymous_10)
FNDA:0,(anonymous_11)
FNDA:0,(anonymous_12)
FNDA:0,(anonymous_13)
FNDA:1,(anonymous_14)
FNDA:1,(anonymous_15)
FNDA:1,(anonymous_16)
FNDA:1,(anonymous_17)
FNDA:0,(anonymous_18)
FNDA:1,(anonymous_19)
FNDA:1,(anonymous_20)
FNDA:2,(anonymous_21)
FNDA:1,(anonymous_22)
FNDA:1,(anonymous_23)
DA:11,1
DA:14,1
DA:17,1
DA:20,1
DA:23,1
DA:26,1
DA:27,1
DA:28,1
DA:29,1
DA:30,1
DA:31,1
DA:32,1
DA:51,1
DA:58,1
DA:67,1
DA:77,1
DA:86,1
DA:96,0
DA:104,1
DA:113,1
DA:123,2
DA:124,2
DA:125,1
DA:127,1
DA:137,1
DA:152,1
DA:158,1
DA:159,1
DA:160,1
DA:161,1
DA:162,1
LF:31
LH:30
BRDA:124,0,0,1
BRF:1
BRH:1
end_of_record
TN:
SF:src/linter.ts
FN:39,(anonymous_9)
FN:47,(anonymous_10)
FN:84,(anonymous_11)
FN:110,(anonymous_12)
FN:130,(anonymous_13)
FN:131,(anonymous_14)
FN:145,(anonymous_15)
FN:211,(anonymous_16)
FN:218,(anonymous_17)
FN:239,(anonymous_18)
FN:245,(anonymous_19)
FN:269,(anonymous_20)
FN:274,(anonymous_21)
FN:275,(anonymous_22)
FN:276,(anonymous_23)
FN:298,(anonymous_24)
FN:304,(anonymous_25)
FN:305,(anonymous_26)
FN:306,(anonymous_27)
FNF:19
FNH:19
FNDA:17,(anonymous_9)
FNDA:9,(anonymous_10)
FNDA:2,(anonymous_11)
FNDA:3,(anonymous_12)
FNDA:18,(anonymous_13)
FNDA:13,(anonymous_14)
FNDA:26,(anonymous_15)
FNDA:17,(anonymous_16)
FNDA:173,(anonymous_17)
FNDA:4,(anonymous_18)
FNDA:7,(anonymous_19)
FNDA:3,(anonymous_20)
FNDA:4,(anonymous_21)
FNDA:4,(anonymous_22)
FNDA:4,(anonymous_23)
FNDA:1,(anonymous_24)
FNDA:4,(anonymous_25)
FNDA:4,(anonymous_26)
FNDA:4,(anonymous_27)
DA:6,2
DA:8,2
DA:9,2
DA:32,2
DA:40,17
DA:41,17
DA:42,17
DA:45,17
DA:46,17
DA:47,6
DA:48,9
DA:57,6
DA:58,4
DA:63,17
DA:64,17
DA:67,17
DA:68,4
DA:69,4
DA:71,13
DA:75,17
DA:76,17
DA:77,12
DA:79,12
DA:80,12
DA:83,12
DA:84,1
DA:86,2
DA:88,2
DA:89,1
DA:94,1
DA:95,1
DA:108,12
DA:109,12
DA:110,3
DA:111,3
DA:119,0
DA:120,0
DA:130,18
DA:131,17
DA:132,17
DA:134,17
DA:146,26
DA:148,26
DA:149,26
DA:152,26
DA:153,1
DA:160,1
DA:163,25
DA:164,25
DA:165,227
DA:166,24
DA:167,24
DA:171,25
DA:172,1
DA:178,1
DA:182,24
DA:183,24
DA:186,3
DA:187,3
DA:196,0
DA:205,24
DA:212,17
DA:213,17
DA:216,17
DA:218,17
DA:219,173
DA:220,173
DA:221,9
DA:223,9
DA:224,9
DA:233,17
DA:243,4
DA:245,4
DA:246,7
DA:247,7
DA:250,7
DA:251,7
DA:252,7
DA:253,7
DA:254,7
DA:257,7
DA:258,7
DA:263,4
DA:270,3
DA:271,1
DA:274,4
DA:275,4
DA:276,4
DA:278,2
DA:280,2
DA:281,2
DA:284,2
DA:285,1
DA:288,2
DA:289,1
DA:292,2
DA:303,1
DA:304,4
DA:305,4
DA:306,4
LF:100
LH:97
BRDA:39,0,0,11
BRDA:46,1,0,6
BRDA:57,2,0,4
BRDA:63,3,0,4
BRDA:63,3,1,13
BRDA:63,4,0,17
BRDA:63,4,1,5
BRDA:67,5,0,4
BRDA:67,5,1,13
BRDA:67,6,0,17
BRDA:67,6,1,5
BRDA:75,7,0,5
BRDA:75,7,1,12
BRDA:76,8,0,12
BRDA:77,9,0,5
BRDA:77,9,1,7
BRDA:79,10,0,12
BRDA:79,10,1,0
BRDA:83,11,0,1
BRDA:83,12,0,12
BRDA:83,12,1,1
BRDA:86,13,0,2
BRDA:88,14,0,1
BRDA:94,15,0,1
BRDA:109,16,0,3
BRDA:119,17,0,0
BRDA:132,18,0,1
BRDA:132,18,1,16
BRDA:132,19,0,1
BRDA:132,19,1,0
BRDA:137,20,0,4
BRDA:137,20,1,13
BRDA:137,21,0,17
BRDA:137,21,1,5
BRDA:138,22,0,17
BRDA:138,22,1,5
BRDA:152,23,0,1
BRDA:165,24,0,24
BRDA:171,25,0,1
BRDA:186,26,0,3
BRDA:186,26,1,0
BRDA:189,27,0,3
BRDA:189,27,1,0
BRDA:220,28,0,9
BRDA:223,29,0,9
BRDA:251,30,0,7
BRDA:257,31,0,7
BRDA:257,32,0,7
BRDA:257,32,1,7
BRDA:270,33,0,1
BRDA:270,34,0,3
BRDA:270,34,1,1
BRDA:280,35,0,2
BRDA:281,36,0,1
BRDA:281,36,1,1
BRDA:284,37,0,1
BRDA:285,38,0,0
BRDA:285,38,1,1
BRDA:288,39,0,1
BRF:59
BRH:53
end_of_record
TN:
SF:src/parser.ts
FN:21,(anonymous_9)
FN:56,(anonymous_10)
FN:92,(anonymous_11)
FN:110,(anonymous_12)
FN:115,(anonymous_13)
FN:116,(anonymous_14)
FN:159,(anonymous_15)
FN:193,(anonymous_16)
FNF:8
FNH:8
FNDA:25,(anonymous_9)
FNDA:28,(anonymous_10)
FNDA:13,(anonymous_11)
FNDA:17,(anonymous_12)
FNDA:5,(anonymous_13)
FNDA:5,(anonymous_14)
FNDA:4,(anonymous_15)
FNDA:6,(anonymous_16)
DA:6,4
DA:15,4
DA:25,25
DA:26,25
DA:28,25
DA:29,53
DA:31,53
DA:33,13
DA:38,13
DA:41,40
DA:45,25
DA:57,28
DA:59,28
DA:62,28
DA:63,1
DA:67,27
DA:68,27
DA:69,533
DA:70,26
DA:71,26
DA:75,27
DA:76,1
DA:80,26
DA:83,26
DA:86,25
DA:87,25
DA:90,25
DA:91,7
DA:92,13
DA:95,25
DA:98,25
DA:100,1
DA:101,1
DA:111,17
DA:114,17
DA:115,17
DA:116,5
DA:118,5
DA:119,5
DA:121,5
DA:124,17
DA:125,17
DA:128,17
DA:130,17
DA:131,1
DA:137,16
DA:143,0
DA:145,0
DA:163,4
DA:165,4
DA:167,127
DA:169,3
DA:170,2
DA:174,1
DA:175,1
DA:179,0
DA:183,1
DA:198,6
DA:199,6
DA:200,6
DA:201,6
DA:203,6
DA:204,135
DA:205,135
DA:208,135
DA:209,7
DA:210,6
DA:211,6
DA:214,1
DA:218,128
DA:221,128
DA:222,6
DA:223,6
DA:227,122
DA:228,6
DA:229,6
DA:233,116
DA:234,1
DA:235,1
DA:239,116
DA:241,8
DA:242,1
DA:243,1
DA:247,7
DA:249,5
DA:250,5
DA:254,0
DA:255,0
DA:259,0
DA:264,1
LF:90
LH:84
BRDA:31,0,0,13
BRDA:31,0,1,40
BRDA:62,1,0,1
BRDA:69,2,0,26
BRDA:75,3,0,1
BRDA:86,4,0,25
BRDA:86,5,0,25
BRDA:86,5,1,25
BRDA:90,6,0,7
BRDA:118,7,0,5
BRDA:118,8,0,5
BRDA:118,8,1,3
BRDA:130,9,0,1
BRDA:134,10,0,0
BRDA:134,10,1,1
BRDA:139,11,0,2
BRDA:139,11,1,14
BRDA:147,12,0,0
BRDA:147,12,1,0
BRDA:148,13,0,0
BRDA:148,13,1,0
BRDA:167,14,0,3
BRDA:169,15,0,2
BRDA:174,16,0,1
BRDA:174,17,0,1
BRDA:174,17,1,1
BRDA:208,18,0,7
BRDA:209,19,0,6
BRDA:209,19,1,1
BRDA:218,20,0,0
BRDA:221,21,0,6
BRDA:227,22,0,6
BRDA:227,23,0,122
BRDA:227,23,1,45
BRDA:233,24,0,1
BRDA:233,25,0,116
BRDA:233,25,1,39
BRDA:233,25,2,1
BRDA:239,26,0,8
BRDA:241,27,0,1
BRDA:241,28,0,8
BRDA:241,28,1,1
BRDA:247,29,0,5
BRDA:249,30,0,5
BRDA:254,31,0,0
BRDA:254,32,0,0
BRDA:254,32,1,0
BRF:47
BRH:38
end_of_record
TN:
SF:src/serializer.ts
FN:25,(anonymous_9)
FN:51,(anonymous_10)
FN:70,(anonymous_11)
FNF:3
FNH:3
FNDA:4,(anonymous_9)
FNDA:1,(anonymous_10)
FNDA:1,(anonymous_11)
DA:6,2
DA:18,2
DA:30,4
DA:32,4
DA:41,4
DA:42,4
DA:55,1
DA:57,1
DA:71,1
LF:9
LH:9
BRDA:25,0,0,3
BRDA:27,1,0,3
BRDA:28,2,0,4
BRDA:29,3,0,3
BRDA:42,4,0,3
BRDA:42,4,1,1
BRDA:51,5,0,1
BRDA:53,6,0,1
BRDA:54,7,0,1
BRF:9
BRH:9
end_of_record
TN:
SF:src/templates.ts
FN:182,generateTaskId
FN:192,generateSubtaskId
FN:202,processTemplate
FN:218,(anonymous_3)
FN:233,substituteVariables
FN:234,(anonymous_5)
FN:244,getTemplateById
FN:245,(anonymous_7)
FN:252,getAllTemplateIds
FN:253,(anonymous_9)
FNF:10
FNH:10
FNDA:3,generateTaskId
FNDA:12,generateSubtaskId
FNDA:2,processTemplate
FNDA:11,(anonymous_3)
FNDA:4,substituteVariables
FNDA:4,(anonymous_5)
FNDA:6,getTemplateById
FNDA:14,(anonymous_7)
FNDA:1,getAllTemplateIds
FNDA:3,(anonymous_9)
DA:9,2
DA:182,2
DA:183,3
DA:192,2
DA:193,12
DA:202,2
DA:203,2
DA:206,2
DA:207,2
DA:211,2
DA:212,2
DA:216,2
DA:217,2
DA:218,11
DA:224,2
DA:234,4
DA:235,4
DA:244,2
DA:245,14
DA:252,2
DA:253,3
LF:21
LH:21
BRDA:206,0,0,2
BRDA:211,1,0,2
BRDA:216,2,0,2
BRDA:235,3,0,4
BRDA:235,3,1,0
BRF:5
BRH:4
end_of_record
TN:
SF:src/types.ts
FNF:0
FNH:0
DA:86,1
LF:1
LH:1
BRF:0
BRH:0
end_of_record
TN:
SF:src/validator.ts
FN:24,(anonymous_0)
FN:41,(anonymous_1)
FN:58,(anonymous_2)
FN:87,(anonymous_3)
FN:109,(anonymous_4)
FN:124,(anonymous_5)
FN:179,(anonymous_6)
FN:195,(anonymous_7)
FN:227,(anonymous_8)
FN:237,(anonymous_9)
FN:242,(anonymous_10)
FN:259,(anonymous_11)
FNF:12
FNH:12
FNDA:24,(anonymous_0)
FNDA:23,(anonymous_1)
FNDA:1,(anonymous_2)
FNDA:23,(anonymous_3)
FNDA:19,(anonymous_4)
FNDA:20,(anonymous_5)
FNDA:6,(anonymous_6)
FNDA:6,(anonymous_7)
FNDA:3,(anonymous_8)
FNDA:12,(anonymous_9)
FNDA:9,(anonymous_10)
FNDA:9,(anonymous_11)
DA:18,3
DA:25,24
DA:27,24
DA:28,1
DA:29,1
DA:33,23
DA:34,1
DA:38,23
DA:39,1
DA:41,22
DA:42,23
DA:43,23
DA:48,23
DA:49,3
DA:50,3
DA:54,23
DA:55,2
DA:56,1
DA:58,1
DA:59,1
DA:60,1
DA:66,23
DA:67,4
DA:68,1
DA:69,3
DA:70,3
DA:71,1
DA:72,2
DA:73,1
DA:78,23
DA:88,23
DA:90,23
DA:91,1
DA:92,1
DA:96,22
DA:97,1
DA:101,22
DA:102,2
DA:106,22
DA:107,2
DA:109,20
DA:110,19
DA:111,19
DA:115,22
DA:125,20
DA:127,20
DA:128,0
DA:129,0
DA:133,20
DA:134,1
DA:138,20
DA:139,1
DA:143,20
DA:144,7
DA:145,7
DA:146,2
DA:154,20
DA:155,3
DA:156,3
DA:157,1
DA:165,20
DA:166,1
DA:170,20
DA:171,1
DA:175,20
DA:176,4
DA:177,0
DA:179,4
DA:180,6
DA:181,6
DA:186,20
DA:196,6
DA:198,6
DA:199,1
DA:200,1
DA:204,5
DA:205,1
DA:209,5
DA:210,1
DA:214,5
DA:215,1
DA:218,5
DA:228,3
DA:230,3
DA:231,0
DA:232,0
DA:235,3
DA:237,3
DA:238,12
DA:239,10
DA:240,1
DA:242,9
DA:243,9
DA:244,9
DA:250,3
DA:260,9
DA:262,9
DA:263,0
DA:264,0
DA:268,9
DA:269,1
DA:273,9
DA:274,1
DA:277,9
LF:104
LH:97
BRDA:27,0,0,1
BRDA:33,1,0,1
BRDA:33,2,0,23
BRDA:33,2,1,22
BRDA:38,3,0,1
BRDA:38,3,1,22
BRDA:48,4,0,3
BRDA:54,5,0,2
BRDA:55,6,0,1
BRDA:55,6,1,1
BRDA:66,7,0,4
BRDA:67,8,0,1
BRDA:67,8,1,3
BRDA:69,9,0,3
BRDA:70,10,0,1
BRDA:70,10,1,2
BRDA:72,11,0,1
BRDA:90,12,0,1
BRDA:96,13,0,1
BRDA:96,14,0,22
BRDA:96,14,1,22
BRDA:101,15,0,2
BRDA:101,16,0,22
BRDA:101,16,1,21
BRDA:106,17,0,2
BRDA:106,17,1,20
BRDA:127,18,0,0
BRDA:133,19,0,1
BRDA:133,20,0,20
BRDA:133,20,1,20
BRDA:138,21,0,1
BRDA:138,22,0,20
BRDA:138,22,1,20
BRDA:143,23,0,7
BRDA:145,24,0,2
BRDA:154,25,0,3
BRDA:156,26,0,1
BRDA:165,27,0,1
BRDA:165,28,0,20
BRDA:165,28,1,4
BRDA:170,29,0,1
BRDA:170,30,0,20
BRDA:170,30,1,3
BRDA:175,31,0,4
BRDA:176,32,0,0
BRDA:176,32,1,4
BRDA:198,33,0,1
BRDA:204,34,0,1
BRDA:204,35,0,5
BRDA:204,35,1,5
BRDA:209,36,0,1
BRDA:209,37,0,5
BRDA:209,37,1,5
BRDA:214,38,0,1
BRDA:230,39,0,0
BRDA:238,40,0,10
BRDA:239,41,0,1
BRDA:239,41,1,9
BRDA:262,42,0,0
BRDA:268,43,0,1
BRDA:273,44,0,1
BRDA:273,45,0,9
BRDA:273,45,1,9
BRF:63
BRH:59
end_of_record
